c:\users\александр\source\repos\project6\project6\debug\project6.order.resources
c:\users\александр\source\repos\project6\project6\debug\project6.auto.resources
c:\users\александр\source\repos\project6\project6\debug\project6.driver.resources
c:\users\александр\source\repos\project6\project6\debug\project6.route.resources
c:\users\александр\source\repos\project6\project6\debug\project6.finans.resources
c:\users\александр\source\repos\project6_curs\project6\debug\project6.auto.resources
c:\users\александр\source\repos\project6_curs\project6\debug\project6.driver.resources
c:\users\александр\source\repos\project6_curs\project6\debug\project6.finans.resources
c:\users\александр\source\repos\project6_curs\project6\debug\project6.order.resources
c:\users\александр\source\repos\project6_curs\project6\debug\project6.route.resources
c:\users\александр\source\repos\project6\project6\debug\vc142.pdb
c:\users\александр\source\repos\project6_curs\project6\debug\vc142.pdb
c:\users\александр\source\repos\project6_curs\project6\debug\.netframework,version=v4.7.2.assemblyattributes.obj
c:\users\александр\source\repos\project6_curs\project6\debug\cargotransportation.obj
c:\users\александр\source\repos\project6_curs\project6\debug\order.obj
c:\users\александр\source\repos\project6_curs\project6\debug\auto.obj
c:\users\александр\source\repos\project6_curs\project6\debug\driver.obj
c:\users\александр\source\repos\project6_curs\debug\cargotransportation.exe
c:\users\александр\source\repos\project6_curs\debug\cargotransportation.pdb
c:\users\александр\source\repos\project6_curs\project6\debug\myform.obj
c:\users\александр\source\repos\project6_curs\project6\debug\cargotra.2eef0baa.tlog\cargotransportation.write.1u.tlog
c:\users\александр\source\repos\project6_curs\project6\debug\cargotra.2eef0baa.tlog\cl.command.1.tlog
c:\users\александр\source\repos\project6_curs\project6\debug\cargotra.2eef0baa.tlog\cl.read.1.tlog
c:\users\александр\source\repos\project6_curs\project6\debug\cargotra.2eef0baa.tlog\cl.write.1.tlog
c:\users\александр\source\repos\project6_curs\project6\debug\cargotra.2eef0baa.tlog\link.command.1.tlog
c:\users\александр\source\repos\project6_curs\project6\debug\cargotra.2eef0baa.tlog\link.read.1.tlog
c:\users\александр\source\repos\project6_curs\project6\debug\cargotra.2eef0baa.tlog\link.write.1.tlog
c:\users\александр\source\repos\project6_curs\project6\debug\cargotra.2eef0baa.tlog\metagen.read.1.tlog
c:\users\александр\source\repos\project6_curs\project6\debug\cargotra.2eef0baa.tlog\metagen.write.1.tlog
